[     106ms] [INFO] %cDownload the React DevTools for a better development experience: https://react.dev/link/react-devtools font-weight:bold @ http://localhost:3000/_next/static/chunks/node_modules_next_dist_115brz8._.js:2431
[     133ms] [LOG] [HMR] connected @ http://localhost:3000/_next/static/chunks/node_modules_next_dist_115brz8._.js:2431
[   16531ms] [WARNING] THREE.THREE.Clock: This module has been deprecated. Please use THREE.Timer instead. @ http://localhost:3000/_next/static/chunks/node_modules_next_dist_115brz8._.js:2431
[   17706ms] [LOG] THREE.WebGLRenderer: Context Lost. @ http://localhost:3000/_next/static/chunks/node_modules_next_dist_115brz8._.js:2431
[  405677ms] [LOG] [Fast Refresh] rebuilding @ http://localhost:3000/_next/static/chunks/node_modules_next_dist_115brz8._.js:2431
[  405698ms] [LOG] [Fast Refresh] done in 54ms @ http://localhost:3000/_next/static/chunks/node_modules_next_dist_115brz8._.js:2431
[  405810ms] TypeError: Cannot read properties of null (reading 'alpha')
    at EffectComposer.addPass (http://localhost:3000/_next/static/chunks/node_modules_postprocessing_build_index_0j26pce.js:1320:67)
    at http://localhost:3000/_next/static/chunks/node_modules_119h5xk._.js:8770:34
    at Object.react_stack_bottom_frame (http://localhost:3000/_next/static/chunks/node_modules_%40react-three_fiber_dist_11s8c_-._.js:13248:44)
    at B (http://localhost:3000/_next/static/chunks/node_modules_%40react-three_fiber_dist_11s8c_-._.js:7885:105)
    at ca (http://localhost:3000/_next/static/chunks/node_modules_%40react-three_fiber_dist_11s8c_-._.js:10953:101)
    at Pf (http://localhost:3000/_next/static/chunks/node_modules_%40react-three_fiber_dist_11s8c_-._.js:10941:32)
    at yn (http://localhost:3000/_next/static/chunks/node_modules_%40react-three_fiber_dist_11s8c_-._.js:11230:44)
    at rt (http://localhost:3000/_next/static/chunks/node_modules_%40react-three_fiber_dist_11s8c_-._.js:11609:73)
    at yn (http://localhost:3000/_next/static/chunks/node_modules_%40react-three_fiber_dist_11s8c_-._.js:11301:25)
    at rt (http://localhost:3000/_next/static/chunks/node_modules_%40react-three_fiber_dist_11s8c_-._.js:11609:73)
    at yn (http://localhost:3000/_next/static/chunks/node_modules_%40react-three_fiber_dist_11s8c_-._.js:11230:25)
    at rt (http://localhost:3000/_next/static/chunks/node_modules_%40react-three_fiber_dist_11s8c_-._.js:11609:73)
    at yn (http://localhost:3000/_next/static/chunks/node_modules_%40react-three_fiber_dist_11s8c_-._.js:11295:168)
    at rt (http://localhost:3000/_next/static/chunks/node_modules_%40react-three_fiber_dist_11s8c_-._.js:11609:73)
    at yn (http://localhost:3000/_next/static/chunks/node_modules_%40react-three_fiber_dist_11s8c_-._.js:11289:25)
    at rt (http://localhost:3000/_next/static/chunks/node_modules_%40react-three_fiber_dist_11s8c_-._.js:11609:73)
    at yn (http://localhost:3000/_next/static/chunks/node_modules_%40react-three_fiber_dist_11s8c_-._.js:11233:29)
    at rt (http://localhost:3000/_next/static/chunks/node_modules_%40react-three_fiber_dist_11s8c_-._.js:11609:73)
    at yn (http://localhost:3000/_next/static/chunks/node_modules_%40react-three_fiber_dist_11s8c_-._.js:11301:25)
    at rt (http://localhost:3000/_next/static/chunks/node_modules_%40react-three_fiber_dist_11s8c_-._.js:11609:73)
    at yn (http://localhost:3000/_next/static/chunks/node_modules_%40react-three_fiber_dist_11s8c_-._.js:11301:25)
    at rt (http://localhost:3000/_next/static/chunks/node_modules_%40react-three_fiber_dist_11s8c_-._.js:11609:73)
    at yn (http://localhost:3000/_next/static/chunks/node_modules_%40react-three_fiber_dist_11s8c_-._.js:11301:25)
    at rt (http://localhost:3000/_next/static/chunks/node_modules_%40react-three_fiber_dist_11s8c_-._.js:11609:73)
    at yn (http://localhost:3000/_next/static/chunks/node_modules_%40react-three_fiber_dist_11s8c_-._.js:11301:25)
    at rt (http://localhost:3000/_next/static/chunks/node_modules_%40react-three_fiber_dist_11s8c_-._.js:11609:73)
    at yn (http://localhost:3000/_next/static/chunks/node_modules_%40react-three_fiber_dist_11s8c_-._.js:11301:25)
    at rt (http://localhost:3000/_next/static/chunks/node_modules_%40react-three_fiber_dist_11s8c_-._.js:11609:73)
    at yn (http://localhost:3000/_next/static/chunks/node_modules_%40react-three_fiber_dist_11s8c_-._.js:11301:25)
    at rt (http://localhost:3000/_next/static/chunks/node_modules_%40react-three_fiber_dist_11s8c_-._.js:11609:73)
    at yn (http://localhost:3000/_next/static/chunks/node_modules_%40react-three_fiber_dist_11s8c_-._.js:11301:25)
    at rt (http://localhost:3000/_next/static/chunks/node_modules_%40react-three_fiber_dist_11s8c_-._.js:11609:73)
    at yn (http://localhost:3000/_next/static/chunks/node_modules_%40react-three_fiber_dist_11s8c_-._.js:11301:25)
    at rt (http://localhost:3000/_next/static/chunks/node_modules_%40react-three_fiber_dist_11s8c_-._.js:11609:73)
    at yn (http://localhost:3000/_next/static/chunks/node_modules_%40react-three_fiber_dist_11s8c_-._.js:11301:25)
    at rt (http://localhost:3000/_next/static/chunks/node_modules_%40react-three_fiber_dist_11s8c_-._.js:11609:73)
    at yn (http://localhost:3000/_next/static/chunks/node_modules_%40react-three_fiber_dist_11s8c_-._.js:11301:25)
    at rt (http://localhost:3000/_next/static/chunks/node_modules_%40react-three_fiber_dist_11s8c_-._.js:11609:73)
    at yn (http://localhost:3000/_next/static/chunks/node_modules_%40react-three_fiber_dist_11s8c_-._.js:11301:25)
    at rt (http://localhost:3000/_next/static/chunks/node_modules_%40react-three_fiber_dist_11s8c_-._.js:11609:73)
    at yn (http://localhost:3000/_next/static/chunks/node_modules_%40react-three_fiber_dist_11s8c_-._.js:11301:25)
    at rt (http://localhost:3000/_next/static/chunks/node_modules_%40react-three_fiber_dist_11s8c_-._.js:11609:73)
    at yn (http://localhost:3000/_next/static/chunks/node_modules_%40react-three_fiber_dist_11s8c_-._.js:11233:29)
    at rt (http://localhost:3000/_next/static/chunks/node_modules_%40react-three_fiber_dist_11s8c_-._.js:11609:73)
    at yn (http://localhost:3000/_next/static/chunks/node_modules_%40react-three_fiber_dist_11s8c_-._.js:11230:25)
    at rt (http://localhost:3000/_next/static/chunks/node_modules_%40react-three_fiber_dist_11s8c_-._.js:11609:73)
    at yn (http://localhost:3000/_next/static/chunks/node_modules_%40react-three_fiber_dist_11s8c_-._.js:11230:25)
    at rt (http://localhost:3000/_next/static/chunks/node_modules_%40react-three_fiber_dist_11s8c_-._.js:11609:73)
    at yn (http://localhost:3000/_next/static/chunks/node_modules_%40react-three_fiber_dist_11s8c_-._.js:11230:25)
    at rt (http://localhost:3000/_next/static/chunks/node_modules_%40react-three_fiber_dist_11s8c_-._.js:11609:73)
[  405820ms] TypeError: Cannot read properties of null (reading 'alpha')
    at EffectComposer.addPass (http://localhost:3000/_next/static/chunks/node_modules_postprocessing_build_index_0j26pce.js:1320:67)
    at http://localhost:3000/_next/static/chunks/node_modules_119h5xk._.js:8770:34
    at Object.react_stack_bottom_frame (http://localhost:3000/_next/static/chunks/node_modules_%40react-three_fiber_dist_11s8c_-._.js:13248:44)
    at B (http://localhost:3000/_next/static/chunks/node_modules_%40react-three_fiber_dist_11s8c_-._.js:7885:105)
    at ca (http://localhost:3000/_next/static/chunks/node_modules_%40react-three_fiber_dist_11s8c_-._.js:10953:101)
    at Pf (http://localhost:3000/_next/static/chunks/node_modules_%40react-three_fiber_dist_11s8c_-._.js:10941:32)
    at yn (http://localhost:3000/_next/static/chunks/node_modules_%40react-three_fiber_dist_11s8c_-._.js:11230:44)
    at rt (http://localhost:3000/_next/static/chunks/node_modules_%40react-three_fiber_dist_11s8c_-._.js:11609:73)
    at yn (http://localhost:3000/_next/static/chunks/node_modules_%40react-three_fiber_dist_11s8c_-._.js:11301:25)
    at rt (http://localhost:3000/_next/static/chunks/node_modules_%40react-three_fiber_dist_11s8c_-._.js:11609:73)
    at yn (http://localhost:3000/_next/static/chunks/node_modules_%40react-three_fiber_dist_11s8c_-._.js:11230:25)
    at rt (http://localhost:3000/_next/static/chunks/node_modules_%40react-three_fiber_dist_11s8c_-._.js:11609:73)
    at yn (http://localhost:3000/_next/static/chunks/node_modules_%40react-three_fiber_dist_11s8c_-._.js:11295:168)
    at rt (http://localhost:3000/_next/static/chunks/node_modules_%40react-three_fiber_dist_11s8c_-._.js:11609:73)
    at yn (http://localhost:3000/_next/static/chunks/node_modules_%40react-three_fiber_dist_11s8c_-._.js:11289:25)
    at rt (http://localhost:3000/_next/static/chunks/node_modules_%40react-three_fiber_dist_11s8c_-._.js:11609:73)
    at yn (http://localhost:3000/_next/static/chunks/node_modules_%40react-three_fiber_dist_11s8c_-._.js:11233:29)
    at rt (http://localhost:3000/_next/static/chunks/node_modules_%40react-three_fiber_dist_11s8c_-._.js:11609:73)
    at yn (http://localhost:3000/_next/static/chunks/node_modules_%40react-three_fiber_dist_11s8c_-._.js:11301:25)
    at rt (http://localhost:3000/_next/static/chunks/node_modules_%40react-three_fiber_dist_11s8c_-._.js:11609:73)
    at yn (http://localhost:3000/_next/static/chunks/node_modules_%40react-three_fiber_dist_11s8c_-._.js:11301:25)
    at rt (http://localhost:3000/_next/static/chunks/node_modules_%40react-three_fiber_dist_11s8c_-._.js:11609:73)
    at yn (http://localhost:3000/_next/static/chunks/node_modules_%40react-three_fiber_dist_11s8c_-._.js:11301:25)
    at rt (http://localhost:3000/_next/static/chunks/node_modules_%40react-three_fiber_dist_11s8c_-._.js:11609:73)
    at yn (http://localhost:3000/_next/static/chunks/node_modules_%40react-three_fiber_dist_11s8c_-._.js:11301:25)
    at rt (http://localhost:3000/_next/static/chunks/node_modules_%40react-three_fiber_dist_11s8c_-._.js:11609:73)
    at yn (http://localhost:3000/_next/static/chunks/node_modules_%40react-three_fiber_dist_11s8c_-._.js:11301:25)
    at rt (http://localhost:3000/_next/static/chunks/node_modules_%40react-three_fiber_dist_11s8c_-._.js:11609:73)
    at yn (http://localhost:3000/_next/static/chunks/node_modules_%40react-three_fiber_dist_11s8c_-._.js:11301:25)
    at rt (http://localhost:3000/_next/static/chunks/node_modules_%40react-three_fiber_dist_11s8c_-._.js:11609:73)
    at yn (http://localhost:3000/_next/static/chunks/node_modules_%40react-three_fiber_dist_11s8c_-._.js:11301:25)
    at rt (http://localhost:3000/_next/static/chunks/node_modules_%40react-three_fiber_dist_11s8c_-._.js:11609:73)
    at yn (http://localhost:3000/_next/static/chunks/node_modules_%40react-three_fiber_dist_11s8c_-._.js:11301:25)
    at rt (http://localhost:3000/_next/static/chunks/node_modules_%40react-three_fiber_dist_11s8c_-._.js:11609:73)
    at yn (http://localhost:3000/_next/static/chunks/node_modules_%40react-three_fiber_dist_11s8c_-._.js:11301:25)
    at rt (http://localhost:3000/_next/static/chunks/node_modules_%40react-three_fiber_dist_11s8c_-._.js:11609:73)
    at yn (http://localhost:3000/_next/static/chunks/node_modules_%40react-three_fiber_dist_11s8c_-._.js:11301:25)
    at rt (http://localhost:3000/_next/static/chunks/node_modules_%40react-three_fiber_dist_11s8c_-._.js:11609:73)
    at yn (http://localhost:3000/_next/static/chunks/node_modules_%40react-three_fiber_dist_11s8c_-._.js:11301:25)
    at rt (http://localhost:3000/_next/static/chunks/node_modules_%40react-three_fiber_dist_11s8c_-._.js:11609:73)
    at yn (http://localhost:3000/_next/static/chunks/node_modules_%40react-three_fiber_dist_11s8c_-._.js:11301:25)
    at rt (http://localhost:3000/_next/static/chunks/node_modules_%40react-three_fiber_dist_11s8c_-._.js:11609:73)
    at yn (http://localhost:3000/_next/static/chunks/node_modules_%40react-three_fiber_dist_11s8c_-._.js:11233:29)
    at rt (http://localhost:3000/_next/static/chunks/node_modules_%40react-three_fiber_dist_11s8c_-._.js:11609:73)
    at yn (http://localhost:3000/_next/static/chunks/node_modules_%40react-three_fiber_dist_11s8c_-._.js:11230:25)
    at rt (http://localhost:3000/_next/static/chunks/node_modules_%40react-three_fiber_dist_11s8c_-._.js:11609:73)
    at yn (http://localhost:3000/_next/static/chunks/node_modules_%40react-three_fiber_dist_11s8c_-._.js:11230:25)
    at rt (http://localhost:3000/_next/static/chunks/node_modules_%40react-three_fiber_dist_11s8c_-._.js:11609:73)
    at yn (http://localhost:3000/_next/static/chunks/node_modules_%40react-three_fiber_dist_11s8c_-._.js:11230:25)
    at rt (http://localhost:3000/_next/static/chunks/node_modules_%40react-three_fiber_dist_11s8c_-._.js:11609:73)
[  425878ms] [LOG] [Fast Refresh] rebuilding @ http://localhost:3000/_next/static/chunks/node_modules_next_dist_115brz8._.js:2431
[  425880ms] [WARNING] [Fast Refresh] performing full reload because your application had an unrecoverable error @ http://localhost:3000/_next/static/chunks/node_modules_next_dist_115brz8._.js:2431
[  425964ms] TypeError: Cannot read properties of null (reading 'alpha')
    at EffectComposer.setRenderer (http://localhost:3000/_next/static/chunks/node_modules_postprocessing_build_index_0j26pce.js:1158:71)
    at new EffectComposer (http://localhost:3000/_next/static/chunks/node_modules_postprocessing_build_index_0j26pce.js:1106:14)
    at http://localhost:3000/_next/static/chunks/node_modules_119h5xk._.js:8715:19
    at ec (http://localhost:3000/_next/static/chunks/node_modules_%40react-three_fiber_dist_11s8c_-._.js:9675:25)
    at Object.useMemo (http://localhost:3000/_next/static/chunks/node_modules_%40react-three_fiber_dist_11s8c_-._.js:13343:32)
    at http://localhost:3000/_next/static/chunks/node_modules_next_dist_compiled_0rpq4pf._.js:1742:36
    at http://localhost:3000/_next/static/chunks/node_modules_119h5xk._.js:8714:493
    at Object.react_stack_bottom_frame (http://localhost:3000/_next/static/chunks/node_modules_%40react-three_fiber_dist_11s8c_-._.js:13199:32)
    at It (http://localhost:3000/_next/static/chunks/node_modules_%40react-three_fiber_dist_11s8c_-._.js:9068:25)
    at hf (http://localhost:3000/_next/static/chunks/node_modules_%40react-three_fiber_dist_11s8c_-._.js:10068:35)
    at tt (http://localhost:3000/_next/static/chunks/node_modules_%40react-three_fiber_dist_11s8c_-._.js:10565:32)
    at B (http://localhost:3000/_next/static/chunks/node_modules_%40react-three_fiber_dist_11s8c_-._.js:7885:105)
    at Ph (http://localhost:3000/_next/static/chunks/node_modules_%40react-three_fiber_dist_11s8c_-._.js:12411:50)
    at wh (http://localhost:3000/_next/static/chunks/node_modules_%40react-three_fiber_dist_11s8c_-._.js:12328:36)
    at Ff (http://localhost:3000/_next/static/chunks/node_modules_%40react-three_fiber_dist_11s8c_-._.js:12319:21)
    at Lf (http://localhost:3000/_next/static/chunks/node_modules_%40react-three_fiber_dist_11s8c_-._.js:12090:75)
    at Ap (http://localhost:3000/_next/static/chunks/node_modules_%40react-three_fiber_dist_11s8c_-._.js:8286:35)
    at Wa (http://localhost:3000/_next/static/chunks/node_modules_%40react-three_fiber_dist_11s8c_-._.js:8230:165)
    at Ls (http://localhost:3000/_next/static/chunks/node_modules_%40react-three_fiber_dist_11s8c_-._.js:12183:51)
    at Object.hu [as scheduleRefresh] (http://localhost:3000/_next/static/chunks/node_modules_%40react-three_fiber_dist_11s8c_-._.js:6583:71)
    at http://localhost:3000/_next/static/chunks/node_modules_next_dist_compiled_0rpq4pf._.js:391:33
    at Set.forEach (<anonymous>)
    at Object.performReactRefresh (http://localhost:3000/_next/static/chunks/node_modules_next_dist_compiled_0rpq4pf._.js:384:38)
    at applyUpdate (http://localhost:3000/_next/static/chunks/node_modules_next_dist_compiled_0rpq4pf._.js:878:31)
    at http://localhost:3000/_next/static/chunks/node_modules_next_dist_compiled_0rpq4pf._.js:886:13
[  426109ms] [LOG] [Fast Refresh] done in 53ms @ http://localhost:3000/_next/static/chunks/node_modules_next_dist_115brz8._.js:2431
[  426246ms] [INFO] %cDownload the React DevTools for a better development experience: https://react.dev/link/react-devtools font-weight:bold @ http://localhost:3000/_next/static/chunks/node_modules_next_dist_115brz8._.js:2431
[  426284ms] [LOG] [HMR] connected @ http://localhost:3000/_next/static/chunks/node_modules_next_dist_115brz8._.js:2431
[  461548ms] [LOG] [Fast Refresh] rebuilding @ http://localhost:3000/_next/static/chunks/node_modules_next_dist_115brz8._.js:2431
[  461615ms] [LOG] [Fast Refresh] done in 67ms @ http://localhost:3000/_next/static/chunks/node_modules_next_dist_115brz8._.js:2431
[  562170ms] [LOG] [Fast Refresh] rebuilding @ http://localhost:3000/_next/static/chunks/node_modules_next_dist_115brz8._.js:2431
[  562489ms] [LOG] [Fast Refresh] done in 106ms @ http://localhost:3000/_next/static/chunks/node_modules_next_dist_115brz8._.js:2431
[  562620ms] [INFO] %cDownload the React DevTools for a better development experience: https://react.dev/link/react-devtools font-weight:bold @ http://localhost:3000/_next/static/chunks/node_modules_next_dist_115brz8._.js:2431
[  562647ms] [LOG] [HMR] connected @ http://localhost:3000/_next/static/chunks/node_modules_next_dist_115brz8._.js:2431
[  598959ms] [LOG] [Fast Refresh] rebuilding @ http://localhost:3000/_next/static/chunks/node_modules_next_dist_115brz8._.js:2431
[  599022ms] [LOG] [Fast Refresh] done in 42ms @ http://localhost:3000/_next/static/chunks/node_modules_next_dist_115brz8._.js:2431
[  709893ms] [LOG] [Fast Refresh] rebuilding @ http://localhost:3000/_next/static/chunks/node_modules_next_dist_115brz8._.js:2431
[  709988ms] [LOG] [Fast Refresh] done in 200ms @ http://localhost:3000/_next/static/chunks/node_modules_next_dist_115brz8._.js:2431
[  938388ms] [LOG] [Fast Refresh] rebuilding @ http://localhost:3000/_next/static/chunks/node_modules_next_dist_115brz8._.js:2431
[  938500ms] [LOG] [Fast Refresh] done in 71ms @ http://localhost:3000/_next/static/chunks/node_modules_next_dist_115brz8._.js:2431
[  938608ms] [LOG] [Fast Refresh] rebuilding @ http://localhost:3000/_next/static/chunks/node_modules_next_dist_115brz8._.js:2431
[  938711ms] [LOG] [Fast Refresh] done in 203ms @ http://localhost:3000/_next/static/chunks/node_modules_next_dist_115brz8._.js:2431
[  938830ms] [INFO] %cDownload the React DevTools for a better development experience: https://react.dev/link/react-devtools font-weight:bold @ http://localhost:3000/_next/static/chunks/node_modules_next_dist_115brz8._.js:2431
[  938859ms] [LOG] [HMR] connected @ http://localhost:3000/_next/static/chunks/node_modules_next_dist_115brz8._.js:2431
[  939434ms] [LOG] [Fast Refresh] rebuilding @ http://localhost:3000/_next/static/chunks/node_modules_next_dist_115brz8._.js:2431
[  939439ms] [LOG] [Fast Refresh] done in 108ms @ http://localhost:3000/_next/static/chunks/node_modules_next_dist_115brz8._.js:2431
[  963175ms] [LOG] [Fast Refresh] rebuilding @ http://localhost:3000/_next/static/chunks/node_modules_next_dist_115brz8._.js:2431
[  963235ms] [LOG] [Fast Refresh] done in 79ms @ http://localhost:3000/_next/static/chunks/node_modules_next_dist_115brz8._.js:2431
[ 1005136ms] [LOG] [Fast Refresh] rebuilding @ http://localhost:3000/_next/static/chunks/node_modules_next_dist_115brz8._.js:2431
[ 1005194ms] [LOG] [Fast Refresh] done in 58ms @ http://localhost:3000/_next/static/chunks/node_modules_next_dist_115brz8._.js:2431
